ets Jun  8 2016 00:22:57



rst:0x1 (POWERON_RESET),boot:0x3 (DOWNLOAD_BOOT(UART0/UART1/SDIO_REI_REO_V2))

waiting for download

ets Jun  8 2016 00:22:57



rst:0x1 (POWERON_RESET),boot:0x13 (SPI_FAST_FLASH_BOOT)

configsip: 0, SPIWP:0xee

clk_drv:0x00,q_drv:0x00,d_drv:0x00,cs0_drv:0x00,hd_drv:0x00,wp_drv:0x00

mode:DIO, clock div:2

load:0x3fff0030,len:1184

load:0x40078000,len:13192

load:0x40080400,len:3028

entry 0x400805e4

[     4][V][WiFiServer.h:42] WiFiServer(): WiFiServer::WiFiServer(port=80, ...)

[     4][V][WebServer.cpp:87] WebServer(): WebServer::Webserver(port=80)

[    33][D][esp32-hal-cpu.c:244] setCpuFrequencyMhz(): PLL: 480 / 2 = 240 Mhz, APB: 80000000 Hz

[   481][I][esp32-hal-psram.c:96] psramInit(): PSRAM enabled

[   507][V][[   508][I][main.cpp:400] setup(): CPU Freq: 240 Mhz

[   509][I][main.cpp:401] setup(): Free heap: 248600 bytes

[   509][I][main.cpp:402] setup(): SDK version: v4.4.4

[   512][I][main.cpp:403] setup(): Starting ESP32CAM-RTSP...

[   517][V][main.cpp:408] setup(): PSRAM found and initialized

Config version: 1.5

Config size: 455

Loading configurations

[iwcAll]

|-- [iwcSys]

|   |-- 'iwcThingName' with value: 'ESP32CAM-RTSP'

|   |-- 'iwcApPassword' with value: <hidden>

|   |-- [iwcWifi0]

|   |   |-- 'iwcWifiSsid' with value: 'MITLAB703'

|   |   \-- 'iwcWifiPassword' with value: <hidden>

|   \-- 'iwcApTimeout' with value: '30'

|-- [iwcCustom]

|   |-- [board]

|   |   \-- 'bt' with value: 'AI THINKER'

|   |-- [camera]

|   |   |-- 'fd' with value: '10'

|   |   |-- 'fs' with value: 'SVGA (800x600)'

|   |   |-- 'q' with value: '12'

|   |   |-- 'eps' with value: '0'

|   |   |-- 'fb' with value: '1'

|   |   |-- 'b' with value: '0'

|   |   |-- 'c' with value: '0'

|   |   |-- 's' with value: '0'

|   |   |-- 'e' with value: 'Normal'

|   |   |-- 'wb' with value: '1'

|   |   |-- 'awbg' with value: '1'

|   |   |-- 'wbm' with value: 'Auto'

|   |   |-- 'ec' with value: '1'

|   |   |-- 'aec2' with value: '1'

|   |   |-- 'ael' with value: '0'

|   |   |-- 'aecv' with value: '300'

|   |   |-- 'gc' with value: '1'

|   |   |-- 'agcg' with value: '0'

|   |   |-- 'gcl' with value: '2X'

|   |   |-- 'bpc' with value: '0'

|   |   |-- 'wpc' with value: '1'

|   |   |-- 'rg' with value: '1'

|   |   |-- 'lenc' with value: '1'

|   |   |-- 'hm' with value: '0'

|   |   |-- 'vm' with value: '0'

|   |   |-- 'dcw' with value: '1'

|   |   \-- 'cb' with value: '0'

|   \-- [io]

|       \-- 'li' with value: '0'

\-- [hidden]

[   656][V][main.cpp:286] initialize_camera(): initialize_camera

[   656][I][main.cpp:287] initialize_camera(): Camera config: AI THINKER

[   662][I][main.cpp:293] initialize_camera(): Frame size: SVGA (800x600)

[   669][I][main.cpp:295] initialize_camera(): JPEG quality: 12

[   674][I][main.cpp:296] initialize_camera(): Frame duration: 10 ms

[   680][I][main.cpp:300] initialize_camera(): Enable PSRAM: 0

[   686][I][main.cpp:301] initialize_camera(): Frame buffers: 1

[   691][I][main.cpp:312] initialize_camera(): PSRAM disabled

[   926][V][esp32-hal-ledc.c:231] analogWrite(): GPIO 4 - Using Channel 15, Value = 0

State changing from: 0 to 2

[   945][D][WiFiGeneric.cpp:1035] _eventCallback(): Arduino Event: 0 - WIFI_READY

Setting up AP: ESP32CAM-RTSP

Use password: <hidden>

[  1035][V][WiFiGeneric.cpp:392] _arduino_event_cb(): AP Started

[  1036][D][WiFiGeneric.cpp:1035] _eventCallback(): Arduino Event: 10 - AP_START

AP IP address: 192.168.4.1

[  1605][V][WiFiGeneric.cpp:395] _arduino_event_cb(): AP Stopped

[  1606][D][WiFiGeneric.cpp:1035] _eventCallback(): Arduino Event: 11 - AP_STOP

[  1606][V][WiFiGeneric.cpp:392] _arduino_event_cb(): AP Started

[  1613][D][WiFiGeneric.cpp:1035] _eventCallback(): Arduino Event: 10 - AP_START

AP timeout (ms): 30000

State changed from: 0 to 2

Connection to AP.

[ 27777][V][WiFiGeneric.cpp:407] _arduino_event_cb(): AP Station Connected: MAC: 6a:83:a4:6e:c3:24, AID: 1

[ 27777][D][WiFiGeneric.cpp:1035] _eventCallback(): Arduino Event: 12 - AP_STACONNECTED

[ 28179][V][WiFiGeneric.cpp:421] _arduino_event_cb(): AP Station IP Assigned:192.168.4.2

[ 28179][D][WiFiGeneric.cpp:1035] _eventCallback(): Arduino Event: 14 - AP_STAIPASSIGNED

[ 44942][V][WebServer.cpp:296] handleClient(): New client: client.localIP()=192.168.4.1

[ 44943][V][Parsing.cpp:122] _parseRequest(): method: GET url: / search: 

[ 44946][V][Parsing.cpp:226] _parseRequest(): headerName: User-Agent

[ 44952][V][Parsing.cpp:227] _parseRequest(): headerValue: Dalvik/2.1.0 (Linux; U; Android 10; SM-G960F Build/QP1A.190711.020)

[ 44963][V][Parsing.cpp:226] _parseRequest(): headerName: Host

[ 44968][V][Parsing.cpp:227] _parseRequest(): headerValue: 192.168.4.1

[ 44975][V][Parsing.cpp:226] _parseRequest(): headerName: Connection

[ 44981][V][Parsing.cpp:227] _parseRequest(): headerValue: Keep-Alive

[ 44987][V][Parsing.cpp:226] _parseRequest(): headerName: Accept-Encoding

[ 44993][V][Parsing.cpp:227] _parseRequest(): headerValue: gzip

[ 44999][V][Parsing.cpp:254] _parseArguments(): args: 

[ 45004][V][Parsing.cpp:237] _parseRequest(): Request: /

[ 45009][V][Parsing.cpp:238] _parseRequest():  Arguments: 

[ 45015][V][main.cpp:88] handle_root(): Handle root

[ 53487][V][WebServer.cpp:296] handleClient(): New client: client.localIP()=192.168.4.1

[ 53495][V][Parsing.cpp:122] _parseRequest(): method: GET url: / search: 

[ 53496][V][Parsing.cpp:226] _parseRequest(): headerName: Host

[ 53496][V][Parsing.cpp:227] _parseRequest(): headerValue: 192.168.4.1

[ 53503][V][Parsing.cpp:226] _parseRequest(): headerName: Connection

[ 53509][V][Parsing.cpp:227] _parseRequest(): headerValue: keep-alive

[ 53515][V][Parsing.cpp:226] _parseRequest(): headerName: DNT

[ 53520][V][Parsing.cpp:227] _parseRequest(): headerValue: 1

[ 53526][V][Parsing.cpp:226] _parseRequest(): headerName: Upgrade-Insecure-Requests

[ 53533][V][Parsing.cpp:227] _parseRequest(): headerValue: 1

[ 53539][V][Parsing.cpp:226] _parseRequest(): headerName: User-Agent

[ 53545][V][Parsing.cpp:227] _parseRequest(): headerValue: Mozilla/5.0 (X11; Linux x86_64) AppleWebKit/537.36 (KHTML, like Gecko) Chrome/113.0.0.0 Safari/537.36

[ 53559][V][Parsing.cpp:226] _parseRequest(): headerName: Accept

[ 53564][V][Parsing.cpp:227] _parseRequest(): headerValue: text/html,application/xhtml+xml,application/xml;q=0.9,image/avif,image/webp,image/apng,*/*;q=0.8,application/signed-exchange;v=b3;q=0.7

[ 53582][V][Parsing.cpp:226] _parseRequest(): headerName: Accept-Encoding

[ 53588][V][Parsing.cpp:227] _parseRequest(): headerValue: gzip, deflate

[ 53595][V][Parsing.cpp:226] _parseRequest(): headerName: Accept-Language

[ 53601][V][Parsing.cpp:227] _parseRequest(): headerValue: en-US,en;q=0.9,id-ID;q=0.8,id;q=0.7,zh-TW;q=0.6,zh;q=0.5

[ 53611][V][Parsing.cpp:254] _parseArguments(): args: 

[ 53616][V][Parsing.cpp:237] _parseRequest(): Request: /

[ 53621][V][Parsing.cpp:238] _parseRequest():  Arguments: 

[ 53626][V][main.cpp:88] handle_root(): Handle root

[ 54207][V][WebServer.cpp:296] handleClient(): New client: client.localIP()=192.168.4.1

[ 54208][V][Parsing.cpp:122] _parseRequest(): method: GET url: /favicon.ico search: 

[ 54212][V][Parsing.cpp:226] _parseRequest(): headerName: Host

[ 54217][V][Parsing.cpp:227] _parseRequest(): headerValue: 192.168.4.1

[ 54224][V][Parsing.cpp:226] _parseRequest(): headerName: Connection

[ 54230][V][Parsing.cpp:227] _parseRequest(): headerValue: keep-alive

[ 54236][V][Parsing.cpp:226] _parseRequest(): headerName: User-Agent

[ 54242][V][Parsing.cpp:227] _parseRequest(): headerValue: Mozilla/5.0 (X11; Linux x86_64) AppleWebKit/537.36 (KHTML, like Gecko) Chrome/113.0.0.0 Safari/537.36

[ 54256][V][Parsing.cpp:226] _parseRequest(): headerName: DNT

[ 54261][V][Parsing.cpp:227] _parseRequest(): headerValue: 1

[ 54267][V][Parsing.cpp:226] _parseRequest(): headerName: Accept

[ 54273][V][Parsing.cpp:227] _parseRequest(): headerValue: image/avif,image/webp,image/apng,image/svg+xml,image/*,*/*;q=0.8

[ 54284][V][Parsing.cpp:226] _parseRequest(): headerName: Referer

[ 54289][V][Parsing.cpp:227] _parseRequest(): headerValue: http://192.168.4.1/

[ 54296][V][Parsing.cpp:226] _parseRequest(): headerName: Accept-Encoding

[ 54303][V][Parsing.cpp:227] _parseRequest(): headerValue: gzip, deflate

[ 54310][V][Parsing.cpp:226] _parseRequest(): headerName: Accept-Language

[ 54316][V][Parsing.cpp:227] _parseRequest(): headerValue: en-US,en;q=0.9,id-ID;q=0.8,id;q=0.7,zh-TW;q=0.6,zh;q=0.5

[ 54326][V][Parsing.cpp:254] _parseArguments(): args: 

[ 54331][V][Parsing.cpp:237] _parseRequest(): Request: /favicon.ico

[ 54337][V][Parsing.cpp:238] _parseRequest():  Arguments: 

[ 54342][E][WebServer.cpp:649] _handleRequest(): request handler not found

Requested a non-existing page '/favicon.ico'

[ 57762][V][WebServer.cpp:296] handleClient(): New client: client.localIP()=192.168.4.1

[ 57771][V][Parsing.cpp:122] _parseRequest(): method: GET url: /config search: 

[ 57772][V][Parsing.cpp:226] _parseRequest(): headerName: Host

[ 57773][V][Parsing.cpp:227] _parseRequest(): headerValue: 192.168.4.1

[ 57779][V][Parsing.cpp:226] _parseRequest(): headerName: Connection

[ 57785][V][Parsing.cpp:227] _parseRequest(): headerValue: keep-alive

[ 57792][V][Parsing.cpp:226] _parseRequest(): headerName: Upgrade-Insecure-Requests

[ 57799][V][Parsing.cpp:227] _parseRequest(): headerValue: 1

[ 57804][V][Parsing.cpp:226] _parseRequest(): headerName: DNT

[ 57810][V][Parsing.cpp:227] _parseRequest(): headerValue: 1

[ 57816][V][Parsing.cpp:226] _parseRequest(): headerName: User-Agent

[ 57821][V][Parsing.cpp:227] _parseRequest(): headerValue: Mozilla/5.0 (X11; Linux x86_64) AppleWebKit/537.36 (KHTML, like Gecko) Chrome/113.0.0.0 Safari/537.36

[ 57836][V][Parsing.cpp:226] _parseRequest(): headerName: Accept

[ 57841][V][Parsing.cpp:227] _parseRequest(): headerValue: text/html,application/xhtml+xml,application/xml;q=0.9,image/avif,image/webp,image/apng,*/*;q=0.8,application/signed-exchange;v=b3;q=0.7

[ 57858][V][Parsing.cpp:226] _parseRequest(): headerName: Referer

[ 57864][V][Parsing.cpp:227] _parseRequest(): headerValue: http://192.168.4.1/

[ 57871][V][Parsing.cpp:226] _parseRequest(): headerName: Accept-Encoding

[ 57877][V][Parsing.cpp:227] _parseRequest(): headerValue: gzip, deflate

[ 57884][V][Parsing.cpp:226] _parseRequest(): headerName: Accept-Language

[ 57890][V][Parsing.cpp:227] _parseRequest(): headerValue: en-US,en;q=0.9,id-ID;q=0.8,id;q=0.7,zh-TW;q=0.6,zh;q=0.5

[ 57900][V][Parsing.cpp:254] _parseArguments(): args: 

[ 57905][V][Parsing.cpp:237] _parseRequest(): Request: /config

[ 57911][V][Parsing.cpp:238] _parseRequest():  Arguments: 

Configuration page requested.

[ 57927][W][WebServer.cpp:436] send(): content length is zero

Rendering parameters:

[iwcSys]

|-- 'iwcThingName' with value: 'ESP32CAM-RTSP'

|-- 'iwcApPassword' with value: <hidden>

|-- [iwcWifi0]

|   |-- 'iwcWifiSsid' with value: 'MITLAB703'

|   \-- 'iwcWifiPassword' with value: <hidden>

\-- 'iwcApTimeout' with value: '30'

[iwcCustom]

|-- [board]

|   \-- 'bt' with value: 'AI THINKER'

|-- [camera]

|   |-- 'fd' with value: '10'

|   |-- 'fs' with value: 'SVGA (800x600)'

|   |-- 'q' with value: '12'

|   |-- 'eps' with value: '0'

|   |-- 'fb' with value: '1'

|   |-- 'b' with value: '0'

|   |-- 'c' with value: '0'

|   |-- 's' with value: '0'

|   |-- 'e' with value: 'Normal'

|   |-- 'wb' with value: '1'

|   |-- 'awbg' with value: '1'

|   |-- 'wbm' with value: 'Auto'

|   |-- 'ec' with value: '1'

|   |-- 'aec2' with value: '1'

|   |-- 'ael' with value: '0'

|   |-- 'aecv' with value: '300'

|   |-- 'gc' with value: '1'

|   |-- 'agcg' with value: '0'

|   |-- 'gcl' with value: '2X'

|   |-- 'bpc' with value: '0'

|   |-- 'wpc' with value: '1'

|   |-- 'rg' with value: '1'

|   |-- 'lenc' with value: '1'

|   |-- 'hm' with value: '0'

|   |-- 'vm' with value: '0'

|   |-- 'dcw' with value: '1'

|   \-- 'cb' with value: '0'

\-- [io]

    \-- 'li' with value: '0'

[141233][V][WebServer.cpp:296] handleClient(): New client: client.localIP()=192.168.4.1

[141234][V][Parsing.cpp:122] _parseRequest(): method: POST url: /config search: 

[141238][V][Parsing.cpp:154] _parseRequest(): headerName: Host

[141243][V][Parsing.cpp:155] _parseRequest(): headerValue: 192.168.4.1

[141249][V][Parsing.cpp:154] _parseRequest(): headerName: Connection

[141255][V][Parsing.cpp:155] _parseRequest(): headerValue: keep-alive

[141262][V][Parsing.cpp:154] _parseRequest(): headerName: Content-Length

[141268][V][Parsing.cpp:155] _parseRequest(): headerValue: 352

[141274][V][Parsing.cpp:154] _parseRequest(): headerName: Cache-Control

[141280][V][Parsing.cpp:155] _parseRequest(): headerValue: max-age=0

[141286][V][Parsing.cpp:154] _parseRequest(): headerName: Origin

[141291][V][Parsing.cpp:155] _parseRequest(): headerValue: http://192.168.4.1

[141298][V][Parsing.cpp:154] _parseRequest(): headerName: DNT

[141304][V][Parsing.cpp:155] _parseRequest(): headerValue: 1

[141310][V][Parsing.cpp:154] _parseRequest(): headerName: Upgrade-Insecure-Requests

[141317][V][Parsing.cpp:155] _parseRequest(): headerValue: 1

[141322][V][Parsing.cpp:154] _parseRequest(): headerName: Content-Type

[141328][V][Parsing.cpp:155] _parseRequest(): headerValue: application/x-www-form-urlencoded

[141337][V][Parsing.cpp:154] _parseRequest(): headerName: User-Agent

[141342][V][Parsing.cpp:155] _parseRequest(): headerValue: Mozilla/5.0 (X11; Linux x86_64) AppleWebKit/537.36 (KHTML, like Gecko) Chrome/113.0.0.0 Safari/537.36

[141357][V][Parsing.cpp:154] _parseRequest(): headerName: Accept

[141362][V][Parsing.cpp:155] _parseRequest(): headerValue: text/html,application/xhtml+xml,application/xml;q=0.9,image/avif,image/webp,image/apng,*/*;q=0.8,application/signed-exchange;v=b3;q=0.7

[141380][V][Parsing.cpp:154] _parseRequest(): headerName: Referer

[141385][V][Parsing.cpp:155] _parseRequest(): headerValue: http://192.168.4.1/config

[141393][V][Parsing.cpp:154] _parseRequest(): headerName: Accept-Encoding

[141399][V][Parsing.cpp:155] _parseRequest(): headerValue: gzip, deflate

[141406][V][Parsing.cpp:154] _parseRequest(): headerName: Accept-Language

[141412][V][Parsing.cpp:155] _parseRequest(): headerValue: en-US,en;q=0.9,id-ID;q=0.8,id;q=0.7,zh-TW;q=0.6,zh;q=0.5

[141423][V][Parsing.cpp:254] _parseArguments(): args: iotSave=true&iwcThingName=ESP32CAM-RTSP&iwcApPassword=&iwcWifiSsid=MITLAB703&iwcWifiPassword=Mitlab703-2&iwcApTimeout=10&bt=AI+THINKER&fd=10&fs=SVGA+%28800x600%29&q=50&fb=1&b=0&c=0&s=0&e=Normal&wb=selected&awbg=selected&wbm=Auto&ec=selected&aec2=selected&ael=0&aecv=300&gc=selected&agcg=0&gcl=2X&wpc=selected&rg=selected&lenc=selected&dcw=selected&li=0

[141458][V][Parsing.cpp:272] _parseArguments(): args count: 30

[141463][V][Parsing.cpp:280] _parseArguments(): pos 0 =@7 &@12

[141469][V][Parsing.cpp:291] _parseArguments(): arg 0 key: iotSave value: true

[141476][V][Parsing.cpp:280] _parseArguments(): pos 13 =@25 &@39

[141481][V][Parsing.cpp:291] _parseArguments(): arg 1 key: iwcThingName value: ESP32CAM-RTSP

[141489][V][Parsing.cpp:280] _parseArguments(): pos 40 =@53 &@54

[141495][V][Parsing.cpp:291] _parseArguments(): arg 2 key: iwcApPassword value: 

[141502][V][Parsing.cpp:280] _parseArguments(): pos 55 =@66 &@76

[141508][V][Parsing.cpp:291] _parseArguments(): arg 3 key: iwcWifiSsid value: MITLAB703

[141516][V][Parsing.cpp:280] _parseArguments(): pos 77 =@92 &@104

[141522][V][Parsing.cpp:291] _parseArguments(): arg 4 key: iwcWifiPassword value: Mitlab703-2

[141530][V][Parsing.cpp:280] _parseArguments(): pos 105 =@117 &@120

[141536][V][Parsing.cpp:291] _parseArguments(): arg 5 key: iwcApTimeout value: 10

[141543][V][Parsing.cpp:280] _parseArguments(): pos 121 =@123 &@134

[141549][V][Parsing.cpp:291] _parseArguments(): arg 6 key: bt value: AI THINKER

[141556][V][Parsing.cpp:280] _parseArguments(): pos 135 =@137 &@140

[141562][V][Parsing.cpp:291] _parseArguments(): arg 7 key: fd value: 10

[141568][V][Parsing.cpp:280] _parseArguments(): pos 141 =@143 &@162

[141574][V][Parsing.cpp:291] _parseArguments(): arg 8 key: fs value: SVGA (800x600)

[141582][V][Parsing.cpp:280] _parseArguments(): pos 163 =@164 &@167

[141588][V][Parsing.cpp:291] _parseArguments(): arg 9 key: q value: 50

[141594][V][Parsing.cpp:280] _parseArguments(): pos 168 =@170 &@172

[141600][V][Parsing.cpp:291] _parseArguments(): arg 10 key: fb value: 1

[141606][V][Parsing.cpp:280] _parseArguments(): pos 173 =@174 &@176

[141612][V][Parsing.cpp:291] _parseArguments(): arg 11 key: b value: 0

[141619][V][Parsing.cpp:280] _parseArguments(): pos 177 =@178 &@180

[141625][V][Parsing.cpp:291] _parseArguments(): arg 12 key: c value: 0

[141631][V][Parsing.cpp:280] _parseArguments(): pos 181 =@182 &@184

[141637][V][Parsing.cpp:291] _parseArguments(): arg 13 key: s value: 0

[141643][V][Parsing.cpp:280] _parseArguments(): pos 185 =@186 &@193

[141649][V][Parsing.cpp:291] _parseArguments(): arg 14 key: e value: Normal

[141656][V][Parsing.cpp:280] _parseArguments(): pos 194 =@196 &@205

[141662][V][Parsing.cpp:291] _parseArguments(): arg 15 key: wb value: selected

[141669][V][Parsing.cpp:280] _parseArguments(): pos 206 =@210 &@219

[141675][V][Parsing.cpp:291] _parseArguments(): arg 16 key: awbg value: selected

[141682][V][Parsing.cpp:280] _parseArguments(): pos 220 =@223 &@228

[141688][V][Parsing.cpp:291] _parseArguments(): arg 17 key: wbm value: Auto

[141694][V][Parsing.cpp:280] _parseArguments(): pos 229 =@231 &@240

[141700][V][Parsing.cpp:291] _parseArguments(): arg 18 key: ec value: selected

[141707][V][Parsing.cpp:280] _parseArguments(): pos 241 =@245 &@254

[141713][V][Parsing.cpp:291] _parseArguments(): arg 19 key: aec2 value: selected

[141720][V][Parsing.cpp:280] _parseArguments(): pos 255 =@258 &@260

[141727][V][Parsing.cpp:291] _parseArguments(): arg 20 key: ael value: 0

[141733][V][Parsing.cpp:280] _parseArguments(): pos 261 =@265 &@269

[141739][V][Parsing.cpp:291] _parseArguments(): arg 21 key: aecv value: 300

[141746][V][Parsing.cpp:280] _parseArguments(): pos 270 =@272 &@281

[141752][V][Parsing.cpp:291] _parseArguments(): arg 22 key: gc value: selected

[141759][V][Parsing.cpp:280] _parseArguments(): pos 282 =@286 &@288

[141765][V][Parsing.cpp:291] _parseArguments(): arg 23 key: agcg value: 0

[141771][V][Parsing.cpp:280] _parseArguments(): pos 289 =@292 &@295

[141777][V][Parsing.cpp:291] _parseArguments(): arg 24 key: gcl value: 2X

[141784][V][Parsing.cpp:280] _parseArguments(): pos 296 =@299 &@308

[141790][V][Parsing.cpp:291] _parseArguments(): arg 25 key: wpc value: selected

[141797][V][Parsing.cpp:280] _parseArguments(): pos 309 =@311 &@320

[141803][V][Parsing.cpp:291] _parseArguments(): arg 26 key: rg value: selected

[141809][V][Parsing.cpp:280] _parseArguments(): pos 321 =@325 &@334

[141815][V][Parsing.cpp:291] _parseArguments(): arg 27 key: lenc value: selected

[141823][V][Parsing.cpp:280] _parseArguments(): pos 335 =@338 &@347

[141829][V][Parsing.cpp:291] _parseArguments(): arg 28 key: dcw value: selected

[141836][V][Parsing.cpp:280] _parseArguments(): pos 348 =@350 &@-1

[141842][V][Parsing.cpp:291] _parseArguments(): arg 29 key: li value: 0

[141848][V][Parsing.cpp:298] _parseArguments(): args count: 30

[141853][V][Parsing.cpp:197] _parseRequest(): Plain: iotSave=true&iwcThingName=ESP32CAM-RTSP&iwcApPassword=&iwcWifiSsid=MITLAB703&iwcWifiPassword=Mitlab703-2&iwcApTimeout=10&bt=AI+THINKER&fd=10&fs=SVGA+%28800x600%29&q=50&fb=1&b=0&c=0&s=0&e=Normal&wb=selected&awbg=selected&wbm=Auto&ec=selected&aec2=selected&ael=0&aecv=300&gc=selected&agcg=0&gcl=2X&wpc=selected&rg=selected&lenc=selected&dcw=selected&li=0

[141889][V][Parsing.cpp:237] _parseRequest(): Request: /config

[141894][V][Parsing.cpp:238] _parseRequest():  Arguments: iotSave=true&iwcThingName=ESP32CAM-RTSP&iwcApPassword=&iwcWifiSsid=MITLAB703&iwcWifiPassword=Mitlab703-2&iwcApTimeout=10&bt=AI+THINKER&fd=10&fs=SVGA+%28800x600%29&q=50&fb=1&b=0&c=0&s=0&e=Normal&wb=selected&awbg=selected&wbm=Auto&ec=selected&aec2=selected&ael=0&aecv=300&gc=selected&agcg=0&gcl=2X&wpc=selected&rg=selected&lenc=selected&dcw=selected&li=0

Form validation result is: positive

Updating configuration

[iwcSys]

|-- 'iwcThingName' with value: 'ESP32CAM-RTSP'

|-- 'iwcApPassword' with value: <hidden>

|-- [iwcWifi0]

|   |-- 'iwcWifiSsid' with value: 'MITLAB703'

|   \-- 'iwcWifiPassword' with value: <hidden>

\-- 'iwcApTimeout' with value: '30'

[iwcCustom]

|-- [board]

|   \-- 'bt' with value: 'AI THINKER'

|-- [camera]

|   |-- 'fd' with value: '10'

|   |-- 'fs' with value: 'SVGA (800x600)'

|   |-- 'q' with value: '12'

|   |-- 'eps' with value: '0'

|   |-- 'fb' with value: '1'

|   |-- 'b' with value: '0'

|   |-- 'c' with value: '0'

|   |-- 's' with value: '0'

|   |-- 'e' with value: 'Normal'

|   |-- 'wb' with value: '1'

|   |-- 'awbg' with value: '1'

|   |-- 'wbm' with value: 'Auto'

|   |-- 'ec' with value: '1'

|   |-- 'aec2' with value: '1'

|   |-- 'ael' with value: '0'

|   |-- 'aecv' with value: '300'

|   |-- 'gc' with value: '1'

|   |-- 'agcg' with value: '0'

|   |-- 'gcl' with value: '2X'

|   |-- 'bpc' with value: '0'

|   |-- 'wpc' with value: '1'

|   |-- 'rg' with value: '1'

|   |-- 'lenc' with value: '1'

|   |-- 'hm' with value: '0'

|   |-- 'vm' with value: '0'

|   |-- 'dcw' with value: '1'

|   \-- 'cb' with value: '0'

\-- [io]

    \-- 'li' with value: '0'



iwcThingName: ESP32CAM-RTSP

iwcApPassword: <was not changed>

iwcWifiSsid: MITLAB703

iwcWifiPassword: <updated>

iwcApTimeout: 10

bt: AI THINKER

fd: 10

fs: SVGA (800x600)

q: 50

eps: not selected

fb: 1

b: 0

c: 0

s: 0

e: Normal

wb: selected

awbg: selected

wbm: Auto

ec: selected

aec2: selected

ael: 0

aecv: 300

gc: selected

agcg: 0

gcl: 2X

bpc: not selected

wpc: selected

rg: selected

lenc: selected

hm: not selected

vm: not selected

dcw: selected

cb: not selected

li: 0

Config version: 1.5

Config size: 455

Saving configuration

[iwcAll]

|-- [iwcSys]

|   |-- 'iwcThingName' with value: 'ESP32CAM-RTSP'

|   |-- 'iwcApPassword' with value: <hidden>

|   |-- [iwcWifi0]

|   |   |-- 'iwcWifiSsid' with value: 'MITLAB703'

|   |   \-- 'iwcWifiPassword' with value: <hidden>

|   \-- 'iwcApTimeout' with value: '10'

|-- [iwcCustom]

|   |-- [board]

|   |   \-- 'bt' with value: 'AI THINKER'

|   |-- [camera]

|   |   |-- 'fd' with value: '10'

|   |   |-- 'fs' with value: 'SVGA (800x600)'

|   |   |-- 'q' with value: '50'

|   |   |-- 'eps' with value: '0'

|   |   |-- 'fb' with value: '1'

|   |   |-- 'b' with value: '0'

|   |   |-- 'c' with value: '0'

|   |   |-- 's' with value: '0'

|   |   |-- 'e' with value: 'Normal'

|   |   |-- 'wb' with value: '1'

|   |   |-- 'awbg' with value: '1'

|   |   |-- 'wbm' with value: 'Auto'

|   |   |-- 'ec' with value: '1'

|   |   |-- 'aec2' with value: '1'

|   |   |-- 'ael' with value: '0'

|   |   |-- 'aecv' with value: '300'

|   |   |-- 'gc' with value: '1'

|   |   |-- 'agcg' with value: '0'

|   |   |-- 'gcl' with value: '2X'

|   |   |-- 'bpc' with value: '0'

|   |   |-- 'wpc' with value: '1'

|   |   |-- 'rg' with value: '1'

|   |   |-- 'lenc' with value: '1'

|   |   |-- 'hm' with value: '0'

|   |   |-- 'vm' with value: '0'

|   |   |-- 'dcw' with value: '1'

|   |   \-- 'cb' with value: '0'

|   \-- [io]

|       \-- 'li' with value: '0'

\-- [hidden]



[142223][V][main.cpp:374] on_config_saved(): on_config_saved

[142224][V][esp32-hal-ledc.c:231] analogWrite(): GPIO 4 - Using Channel 15, Value = 0

[146722][V][WebServer.cpp:296] handleClient(): New client: client.localIP()=192.168.4.1

[146723][V][Parsing.cpp:122] _parseRequest(): method: POST url: /config search: 

[146726][V][Parsing.cpp:154] _parseRequest(): headerName: Host

[146732][V][Parsing.cpp:155] _parseRequest(): headerValue: 192.168.4.1

[146738][V][Parsing.cpp:154] _parseRequest(): headerName: onnection

[146744][V][Parsing.cpp:155] _parseRequest(): headerValue: keep-alive

[146750][V][Parsing.cpp:154] _parseRequest(): headerName: Content-Length

[146757][V][Parsing.cpp:155] _parseRequest(): headerValue: 352

[146762][V][Parsing.cpp:154] _parseRequest(): headerName: Cache-Control

[146769][V][Parsing.cpp:155] _parseRequest(): headerValue: max-age=0

[146775][V][Parsing.cpp:154] _parseRequest(): headerName: DNT

[146780][V][Parsing.cpp:155] _parseRequest(): headerValue: 1

[146786][V][Parsing.cpp:154] _parseRequest(): headerName: Upgrade-Insecure-Requests

[146793][V][Parsing.cpp:155] _parseRequest(): headerValue: 1

[146799][V][Parsing.cpp:154] _parseRequest(): headerName: User-Agent

[146804][V][Parsing.cpp:155] _parseRequest(): headerValue: Mozilla/5.0 (X11; Linux x86_64) AppleWebKit/537.36 (KHTML, like Gecko) Chrome/113.0.0.0 Safari/537.36

[146819][V][Parsing.cpp:154] _parseRequest(): headerName: Origin

[146824][V][Parsing.cpp:155] _parseRequest(): headerValue: http://192.168.4.1

[146831][V][Parsing.cpp:154] _parseRequest(): headerName: Content-Type

[146837][V][Parsing.cpp:155] _parseRequest(): headerValue: application/x-www-form-urlencoded

[146846][V][Parsing.cpp:154] _parseRequest(): headerName: Accept

[146851][V][Parsing.cpp:155] _parseRequest(): headerValue: text/html,application/xhtml+xml,application/xml;q=0.9,image/avif,image/webp,image/apng,*/*;q=0.8,application/signed-exchange;v=b3;q=0.7

[146868][V][Parsing.cpp:154] _parseRequest(): headerName: Referer

[146874][V][Parsing.cpp:155] _parseRequest(): headerValue: http://192.168.4.1/config

[146882][V][Parsing.cpp:154] _parseRequest(): headerName: Accept-Encoding

[146888][V][Parsing.cpp:155] _parseRequest(): headerValue: gzip, deflate

[146895][V][Parsing.cpp:154] _parseRequest(): headerName: Accept-Language

[146901][V][Parsing.cpp:155] _parseRequest(): headerValue: en-US,en;q=0.9,id-ID;q=0.8,id;q=0.7,zh-TW;q=0.6,zh;q=0.5

[146912][V][Parsing.cpp:254] _parseArguments(): args: iotSave=true&iwcThingName=ESP32CAM-RTSP&iwcApPassword=&iwcWifiSsid=MITLAB703&iwcWifiPassword=Mitlab703-2&iwcApTimeout=10&bt=AI+THINKER&fd=10&fs=SVGA+%28800x600%29&q=50&fb=1&b=0&c=0&s=0&e=Normal&wb=selected&awbg=selected&wbm=Auto&ec=selected&aec2=selected&ael=0&aecv=300&gc=selected&agcg=0&gcl=2X&wpc=selected&rg=selected&lenc=selected&dcw=selected&li=0

[146946][V][Parsing.cpp:272] _parseArguments(): args count: 30

[146952][V][Parsing.cpp:280] _parseArguments(): pos 0 =@7 &@12

[146958][V][Parsing.cpp:291] _parseArguments(): arg 0 key: iotSave value: true

[146964][V][Parsing.cpp:280] _parseArguments(): pos 13 =@25 &@39

[146970][V][Parsing.cpp:291] _parseArguments(): arg 1 key: iwcThingName value: ESP32CAM-RTSP

[146978][V][Parsing.cpp:280] _parseArguments(): pos 40 =@53 &@54

[146984][V][Parsing.cpp:291] _parseArguments(): arg 2 key: iwcApPassword value: 

[146991][V][Parsing.cpp:280] _parseArguments(): pos 55 =@66 &@76

[146997][V][Parsing.cpp:291] _parseArguments(): arg 3 key: iwcWifiSsid value: MITLAB703

[147005][V][Parsing.cpp:280] _parseArguments(): pos 77 =@92 &@104

[147011][V][Parsing.cpp:291] _parseArguments(): arg 4 key: iwcWifiPassword value: Mitlab703-2

[147019][V][Parsing.cpp:280] _parseArguments(): pos 105 =@117 &@120

[147025][V][Parsing.cpp:291] _parseArguments(): arg 5 key: iwcApTimeout value: 10

[147032][V][Parsing.cpp:280] _parseArguments(): pos 121 =@123 &@134

[147038][V][Parsing.cpp:291] _parseArguments(): arg 6 key: bt value: AI THINKER

[147045][V][Parsing.cpp:280] _parseArguments(): pos 135 =@137 &@140

[147051][V][Parsing.cpp:291] _parseArguments(): arg 7 key: fd value: 10

[147057][V][Parsing.cpp:280] _parseArguments(): pos 141 =@143 &@162

[147063][V][Parsing.cpp:291] _parseArguments(): arg 8 key: fs value: SVGA (800x600)

[147071][V][Parsing.cpp:280] _parseArguments(): pos 163 =@164 &@167

[147077][V][Parsing.cpp:291] _parseArguments(): arg 9 key: q value: 50

[147083][V][Parsing.cpp:280] _parseArguments(): pos 168 =@170 &@172

[147089][V][Parsing.cpp:291] _parseArguments(): arg 10 key: fb value: 1

[147095][V][Parsing.cpp:280] _parseArguments(): pos 173 =@174 &@176

[147101][V][Parsing.cpp:291] _parseArguments(): arg 11 key: b value: 0

[147107][V][Parsing.cpp:280] _parseArguments(): pos 177 =@178 &@180

[147113][V][Parsing.cpp:291] _parseArguments(): arg 12 key: c value: 0

[147120][V][Parsing.cpp:280] _parseArguments(): pos 181 =@182 &@184

[147126][V][Parsing.cpp:291] _parseArguments(): arg 13 key: s value: 0

[147132][V][Parsing.cpp:280] _parseArguments(): pos 185 =@186 &@193

[147138][V][Parsing.cpp:291] _parseArguments(): arg 14 key: e value: Normal

[147145][V][Parsing.cpp:280] _parseArguments(): pos 194 =@196 &@205

[147151][V][Parsing.cpp:291] _parseArguments(): arg 15 key: wb value: selected

[147158][V][Parsing.cpp:280] _parseArguments(): pos 206 =@210 &@219

[147164][V][Parsing.cpp:291] _parseArguments(): arg 16 key: awbg value: selected

[147171][V][Parsing.cpp:280] _parseArguments(): pos 220 =@223 &@228

[147177][V][Parsing.cpp:291] _parseArguments(): arg 17 key: wbm value: Auto

[147183][V][Parsing.cpp:280] _parseArguments(): pos 229 =@231 &@240

[147189][V][Parsing.cpp:291] _parseArguments(): arg 18 key: ec value: selected

[147196][V][Parsing.cpp:280] _parseArguments(): pos 241 =@245 &@254

[147202][V][Parsing.cpp:291] _parseArguments(): arg 19 key: aec2 value: selected

[147209][V][Parsing.cpp:280] _parseArguments(): pos 255 =@258 &@260

[147215][V][Parsing.cpp:291] _parseArguments(): arg 20 key: ael value: 0

[147222][V][Parsing.cpp:280] _parseArguments(): pos 261 =@265 &@269

[147228][V][Parsing.cpp:291] _parseArguments(): arg 21 key: aecv value: 300

[147234][V][Parsing.cpp:280] _parseArguments(): pos 270 =@272 &@281

[147240][V][Parsing.cpp:291] _parseArguments(): arg 22 key: gc value: selected

[147247][V][Parsing.cpp:280] _parseArguments(): pos 282 =@286 &@288

[147253][V][Parsing.cpp:291] _parseArguments(): arg 23 key: agcg value: 0

[147260][V][Parsing.cpp:280] _parseArguments(): pos 289 =@292 &@295

[147266][V][Parsing.cpp:291] _parseArguments(): arg 24 key: gcl value: 2X

[147272][V][Parsing.cpp:280] _parseArguments(): pos 296 =@299 &@308

[147278][V][Parsing.cpp:291] _parseArguments(): arg 25 key: wpc value: selected

[147285][V][Parsing.cpp:280] _parseArguments(): pos 309 =@311 &@320

[147291][V][Parsing.cpp:291] _parseArguments(): arg 26 key: rg value: selected

[147298][V][Parsing.cpp:280] _parseArguments(): pos 321 =@325 &@334

[147304][V][Parsing.cpp:291] _parseArguments(): arg 27 key: lenc value: selected

[147311][V][Parsing.cpp:280] _parseArguments(): pos 335 =@338 &@347

[147317][V][Parsing.cpp:291] _parseArguments(): arg 28 key: dcw value: selected

[147324][V][Parsing.cpp:280] _parseArguments(): pos 348 =@350 &@-1

[147330][V][Parsing.cpp:291] _parseArguments(): arg 29 key: li value: 0

[147337][V][Parsing.cpp:298] _parseArguments(): args count: 30

[147342][V][Parsing.cpp:197] _parseRequest(): Plain: iotSave=true&iwcThingName=ESP32CAM-RTSP&iwcApPassword=&iwcWifiSsid=MITLAB703&iwcWifiPassword=Mitlab703-2&iwcApTimeout=10&bt=AI+THINKER&fd=10&fs=SVGA+%28800x600%29&q=50&fb=1&b=0&c=0&s=0&e=Normal&wb=selected&awbg=selected&wbm=Auto&ec=selected&aec2=selected&ael=0&aecv=300&gc=selected&agcg=0&gcl=2X&wpc=selected&rg=selected&lenc=selected&dcw=selected&li=0

[147378][V][Parsing.cpp:237] _parseRequest(): Request: /config

[147383][V][Parsing.cpp:238] _parseRequest():  Arguments: iotSave=true&iwcThingName=ESP32CAM-RTSP&iwcApPassword=&iwcWifiSsid=MITLAB703&iwcWifiPassword=Mitlab703-2&iwcApTimeout=10&bt=AI+THINKER&fd=10&fs=SVGA+%28800x600%29&q=50&fb=1&b=0&c=0&s=0&e=Normal&wb=selected&awbg=selected&wbm=Auto&ec=selected&aec2=selected&ael=0&aecv=300&gc=selected&agcg=0&gcl=2X&wpc=selected&rg=selected&lenc=selected&dcw=selected&li=0

Form validation result is: positive

Updating configuration

[iwcSys]

|-- 'iwcThingName' with value: 'ESP32CAM-RTSP'

|-- 'iwcApPassword' with value: <hidden>

|-- [iwcWifi0]

|   |-- 'iwcWifiSsid' with value: 'MITLAB703'

|   \-- 'iwcWifiPassword' with value: <hidden>

\-- 'iwcApTimeout' with value: '10'

[iwcCustom]

|-- [board]

|   \-- 'bt' with value: 'AI THINKER'

|-- [camera]

|   |-- 'fd' with value: '10'

|   |-- 'fs' with value: 'SVGA (800x600)'

|   |-- 'q' with value: '50'

|   |-- 'eps' with value: '0'

|   |-- 'fb' with value: '1'

|   |-- 'b' with value: '0'

|   |-- 'c' with value: '0'

|   |-- 's' with value: '0'

|   |-- 'e' with value: 'Normal'

|   |-- 'wb' with value: '1'

|   |-- 'awbg' with value: '1'

|   |-- 'wbm' with value: 'Auto'

|   |-- 'ec' with value: '1'

|   |-- 'aec2' with value: '1'

|   |-- 'ael' with value: '0'

|   |-- 'aecv' with value: '300'

|   |-- 'gc' with value: '1'

|   |-- 'agcg' with value: '0'

|   |-- 'gcl' with value: '2X'

|   |-- 'bpc' with value: '0'

|   |-- 'wpc' with value: '1'

|   |-- 'rg' with value: '1'

|   |-- 'lenc' with value: '1'

|   |-- 'hm' with value: '0'

|   |-- 'vm' with value: '0'

|   |-- 'dcw' with value: '1'

|   \-- 'cb' with value: '0'

\-- [io]

    \-- 'li' with value: '0'



iwcThingName: ESP32CAM-RTSP

iwcApPassword: <was not changed>

iwcWifiSsid: MITLAB703

iwcWifiPassword: <updated>

iwcApTimeout: 10

bt: AI THINKER

fd: 10

fs: SVGA (800x600)

q: 50

eps: not selected

fb: 1

b: 0

c: 0

s: 0

e: Normal

wb: selected

awbg: selected

wbm: Auto

ec: selected

aec2: selected

ael: 0

aecv: 300

gc: selected

agcg: 0

gcl: 2X

bpc: not selected

wpc: selected

rg: selected

lenc: selected

hm: not selected

vm: not selected

dcw: selected

cb: not selected

li: 0

Config version: 1.5

Config size: 455

Saving configuration

[iwcAll]

|-- [iwcSys]

|   |-- 'iwcThingName' with value: 'ESP32CAM-RTSP'

|   |-- 'iwcApPassword' with value: <hidden>

|   |-- [iwcWifi0]

|   |   |-- 'iwcWifiSsid' with value: 'MITLAB703'

|   |   \-- 'iwcWifiPassword' with value: <hidden>

|   \-- 'iwcApTimeout' with value: '10'

|-- [iwcCustom]

|   |-- [board]

|   |   \-- 'bt' with value: 'AI THINKER'

|   |-- [camera]

|   |   |-- 'fd' with value: '10'

|   |   |-- 'fs' with value: 'SVGA (800x600)'

|   |   |-- 'q' with value: '50'

|   |   |-- 'eps' with value: '0'

|   |   |-- 'fb' with value: '1'

|   |   |-- 'b' with value: '0'

|   |   |-- 'c' with value: '0'

|   |   |-- 's' with value: '0'

|   |   |-- 'e' with value: 'Normal'

|   |   |-- 'wb' with value: '1'

|   |   |-- 'awbg' with value: '1'

|   |   |-- 'wbm' with value: 'Auto'

|   |   |-- 'ec' with value: '1'

|   |   |-- 'aec2' with value: '1'

|   |   |-- 'ael' with value: '0'

|   |   |-- 'aecv' with value: '300'

|   |   |-- 'gc' with value: '1'

|   |   |-- 'agcg' with value: '0'

|   |   |-- 'gcl' with value: '2X'

|   |   |-- 'bpc' with value: '0'

|   |   |-- 'wpc' with value: '1'

|   |   |-- 'rg' with value: '1'

|   |   |-- 'lenc' with value: '1'

|   |   |-- 'hm' with value: '0'

|   |   |-- 'vm' with value: '0'

|   |   |-- 'dcw' with value: '1'

|   |   \-- 'cb' with value: '0'

|   \-- [io]

|       \-- 'li' with value: '0'

\-- [hidden]



[147705][V][main.cpp:374] on_config_saved(): on_config_saved

[147706][V][esp32-hal-ledc.c:231] analogWrite(): GPIO 4 - Using Channel 15, Value = 0

[150137][V][WebServer.cpp:296] handleClient(): New client: client.localIP()=192.168.4.1

[150138][V][Parsing.cpp:122] _parseRequest(): method: GET url: / search: 

[150141][V][Parsing.cpp:226] _parseRequest(): headerName: Host

[150146][V][Parsing.cpp:227] _parseRequest(): headerValue: 192.168.4.1

[150153][V][Parsing.cpp:226] _parseRequest(): headerName: Connection

[150159][V][Parsing.cpp:227] _parseRequest(): headerValue: keep-alive

[150165][V][Parsing.cpp:226] _parseRequest(): headerName: Upgrade-Insecure-Requests

[150172][V][Parsing.cpp:227] _parseRequest(): headerValue: 1

[150177][V][Parsing.cpp:226] _parseRequest(): headerName: DNT

[150183][V][Parsing.cpp:227] _parseRequest(): headerValue: 1

[150189][V][Parsing.cpp:226] _parseRequest(): headerName: User-Agent

[150194][V][Parsing.cpp:227] _parseRequest(): headerValue: Mozilla/5.0 (X11; Linux x86_64) AppleWebKit/537.36 (KHTML, like Gecko) Chrome/113.0.0.0 Safari/537.36

[150209][V][Parsing.cpp:226] _parseRequest(): headerName: Accept

[150214][V][Parsing.cpp:227] _parseRequest(): headerValue: text/html,application/xhtml+xml,application/xml;q=0.9,image/avif,image/webp,image/apng,*/*;q=0.8,application/signed-exchange;v=b3;q=0.7

[150231][V][Parsing.cpp:226] _parseRequest(): headerName: Referer

[150237][V][Parsing.cpp:227] _parseRequest(): headerValue: http://192.168.4.1/config

[150245][V][Parsing.cpp:226] _parseRequest(): headerName: Accept-Encoding

[150251][V][Parsing.cpp:227] _parseRequest(): headerValue: gzip, deflate

[150258][V][Parsing.cpp:226] _parseRequest(): headerName: Accept-Language

[150264][V][Parsing.cpp:227] _parseRequest(): headerValue: en-US,en;q=0.9,id-ID;q=0.8,id;q=0.7,zh-TW;q=0.6,zh;q=0.5

[150274][V][Parsing.cpp:254] _parseArguments(): args: 

[150279][V][Parsing.cpp:237] _parseRequest(): Request: /

[150284][V][Parsing.cpp:238] _parseRequest():  Arguments: 

[150290][V][main.cpp:88] handle_root(): Handle root

[153121][V][WebServer.cpp:296] handleClient(): New client: client.localIP()=192.168.4.1

[153122][V][Parsing.cpp:122] _parseRequest(): method: GET url: /restart search: 

[153125][V][Parsing.cpp:226] _parseRequest(): headerName: Host

[153131][V][Parsing.cpp:227] _parseRequest(): headerValue: 192.168.4.1

[153137][V][Parsing.cpp:226] _parseRequest(): headerName: Connection

[153143][V][Parsing.cpp:227] _parseRequest(): headerValue: keep-alive

[153150][V][Parsing.cpp:226] _parseRequest(): headerName: Upgrade-Insecure-Requests

[153157][V][Parsing.cpp:227] _parseRequest(): headerValue: 1

[153162][V][Parsing.cpp:226] _parseRequest(): headerName: DNT

[153168][V][Parsing.cpp:227] _parseRequest(): headerValue: 1

[153173][V][Parsing.cpp:226] _parseRequest(): headerName: User-Agent

[153179][V][Parsing.cpp:227] _parseRequest(): headerValue: Mozilla/5.0 (X11; Linux x86_64) AppleWebKit/537.36 (KHTML, like Gecko) Chrome/113.0.0.0 Safari/537.36

[153194][V][Parsing.cpp:226] _parseRequest(): headerName: Accept

[153199][V][Parsing.cpp:227] _parseRequest(): headerValue: text/html,application/xhtml+xml,application/xml;q=0.9,image/avif,image/webp,image/apng,*/*;q=0.8,application/signed-exchange;v=b3;q=0.7

[153216][V][Parsing.cpp:226] _parseRequest(): headerName: Referer

[153222][V][Parsing.cpp:227] _parseRequest(): headerValue: http://192.168.4.1/

[153229][V][Parsing.cpp:226] _parseRequest(): headerName: Accept-Encoding

[153235][V][Parsing.cpp:227] _parseRequest(): headerValue: gzip, deflate

[153242][V][Parsing.cpp:226] _parseRequest(): headerName: Accept-Language

[153248][V][Parsing.cpp:227] _parseRequest(): headerValue: en-US,en;q=0.9,id-ID;q=0.8,id;q=0.7,zh-TW;q=0.6,zh;q=0.5

[153258][V][Parsing.cpp:254] _parseArguments(): args: 

[153263][V][Parsing.cpp:237] _parseRequest(): Request: /restart

[153269][V][Parsing.cpp:238] _parseRequest():  Arguments: 

[153274][V][main.cpp:179] handle_restart(): Handle restart

[171956][V][WebServer.cpp:296] handleClient(): New client: client.localIP()=192.168.4.1

[171957][V][Parsing.cpp:122] _parseRequest(): method: GET url: /restart search: 

[171960][V][Parsing.cpp:226] _parseRequest(): headerName: Host

[171966][V][Parsing.cpp:227] _parseRequest(): headerValue: 192.168.4.1

[171972][V][Parsing.cpp:226] _parseRequest(): headerName: Connection

[171978][V][Parsing.cpp:227] _parseRequest(): headerValue: keep-alive

[171984][V][Parsing.cpp:226] _parseRequest(): headerName: Cache-Control

[171991][V][Parsing.cpp:227] _parseRequest(): headerValue: max-age=0

[171997][V][Parsing.cpp:226] _parseRequest(): headerName: Authorization

[172003][V][Parsing.cpp:227] _parseRequest(): headerValue: Basic YWRtaW46TWl0bGFiNzAzLTI=

[172011][V][Parsing.cpp:226] _parseRequest(): headerName: DNT

[172016][V][Parsing.cpp:227] _parseRequest(): headerValue: 1

[172022][V][Parsing.cpp:226] _parseRequest(): headerName: Upgrade-Insecure-Requests

[172029][V][Parsing.cpp:227] _parseRequest(): headerValue: 1

[172035][V][Parsing.cpp:226] _parseRequest(): headerName: User-Agent

[172041][V][Parsing.cpp:227] _parseRequest(): headerValue: Mozilla/5.0 (X11; Linux x86_64) AppleWebKit/537.36 (KHTML, like Gecko) Chrome/113.0.0.0 Safari/537.36

[172055][V][Parsing.cpp:226] _parseRequest(): headerName: Accept

[172060][V][Parsing.cpp:227] _parseRequest(): headerValue: text/html,application/xhtml+xml,application/xml;q=0.9,image/avif,image/webp,image/apng,*/*;q=0.8,application/signed-exchange;v=b3;q=0.7

[172078][V][Parsing.cpp:226] _parseRequest(): headerName: Referer

[172083][V][Parsing.cpp:227] _parseRequest(): headerValue: http://192.168.4.1/

[172090][V][Parsing.cpp:226] _parseRequest(): headerName: Accept-Encoding

[172097][V][Parsing.cpp:227] _parseRequest(): headerValue: gzip, deflate

[172103][V][Parsing.cpp:226] _parseRequest(): headerName: Accept-Language

[172110][V][Parsing.cpp:227] _parseRequest(): headerValue: en-US,en;q=0.9,id-ID;q=0.8,id;q=0.7,zh-TW;q=0.6,zh;q=0.5

[172120][V][Parsing.cpp:254] _parseArguments(): args: 

[172125][V][Parsing.cpp:237] _parseRequest(): Request: /restart

[172130][V][Parsing.cpp:238] _parseRequest():  Arguments: 

[172136][V][main.cpp:179] handle_restart(): Handle restart

[172146][V][main.cpp:194] handle_restart(): Restarting... Press refresh to connect again

ets Jun  8 2016 00:22:57



rst:0x1 (POWERON_RESET),boot:0x13 (SPI_FAST_FLASH_BOOT)

configsip: 0, SPIWP:0xee

clk_drv:0x00,q_drv:0x00,d_drv:0x00,cs0_drv:0x00,hd_drv:0x00,wp_drv:0x00

mode:DIO, clock div:2

load:0x3fff0030,len:1184

load:0x40078000,len:13192

load:0x40080400,len:3028

entry 0x400805e4

[     4][V][WiFiServer.h:42] WiFiServer(): WiFiServer::WiFiServer(port=80, ...)

[     4][V][WebServer.cpp:87] WebServer(): WebServer::Webserver(port=80)

[    33][D][esp32-hal-cpu.c:244] setCpuFrequencyMhz(): PLL: 480 / 2 = 240 Mhz, APB: 80000000 Hz

[   481][I][esp32-hal-psram.c:96] psramInit(): PSRAM enabled

[   507][V][[   509][I][main.cpp:400] setup(): CPU Freq: 240 Mhz

[   509][I][main.cpp:401] setup(): Free heap: 248744 bytes

[   509][I][main.cpp:402] setup(): SDK version: v4.4.4

[   512][I][main.cpp:403] setup(): Starting ESP32CAM-RTSP...

[   518][V][main.cpp:408] setup(): PSRAM found and initialized

Config version: 1.5

Config size: 455

Loading configurations

[iwcAll]

|-- [iwcSys]

|   |-- 'iwcThingName' with value: 'ESP32CAM-RTSP'

|   |-- 'iwcApPassword' with value: <hidden>

|   |-- [iwcWifi0]

|   |   |-- 'iwcWifiSsid' with value: 'MITLAB703'

|   |   \-- 'iwcWifiPassword' with value: <hidden>

|   \-- 'iwcApTimeout' with value: '10'

|-- [iwcCustom]

|   |-- [board]

|   |   \-- 'bt' with value: 'AI THINKER'

|   |-- [camera]

|   |   |-- 'fd' with value: '10'

|   |   |-- 'fs' with value: 'SVGA (800x600)'

|   |   |-- 'q' with value: '50'

|   |   |-- 'eps' with value: '0'

|   |   |-- 'fb' with value: '1'

|   |   |-- 'b' with value: '0'

|   |   |-- 'c' with value: '0'

|   |   |-- 's' with value: '0'

|   |   |-- 'e' with value: 'Normal'

|   |   |-- 'wb' with value: '1'

|   |   |-- 'awbg' with value: '1'

|   |   |-- 'wbm' with value: 'Auto'

|   |   |-- 'ec' with value: '1'

|   |   |-- 'aec2' with value: '1'

|   |   |-- 'ael' with value: '0'

|   |   |-- 'aecv' with value: '300'

|   |   |-- 'gc' with value: '1'

|   |   |-- 'agcg' with value: '0'

|   |   |-- 'gcl' with value: '2X'

|   |   |-- 'bpc' with value: '0'

|   |   |-- 'wpc' with value: '1'

|   |   |-- 'rg' with value: '1'

|   |   |-- 'lenc' with value: '1'

|   |   |-- 'hm' with value: '0'

|   |   |-- 'vm' with value: '0'

|   |   |-- 'dcw' with value: '1'

|   |   \-- 'cb' with value: '0'

|   \-- [io]

|       \-- 'li' with value: '0'

\-- [hidden]

[   656][V][main.cpp:286] initialize_camera(): initialize_camera

[   656][I][main.cpp:287] initialize_camera(): Camera config: AI THINKER

[   662][I][main.cpp:293] initialize_camera(): Frame size: SVGA (800x600)

[   669][I][main.cpp:295] initialize_camera(): JPEG quality: 50

[   674][I][main.cpp:296] initialize_camera(): Frame duration: 10 ms

[   681][I][main.cpp:300] initialize_camera(): Enable PSRAM: 0

[   686][I][main.cpp:301] initialize_camera(): Frame buffers: 1

[   692][I][main.cpp:312] initialize_camera(): PSRAM disabled

E (788) sccb: SCCB_Write Failed addr:0x30, reg:0x35, data:0xda, ret:-1

E (789) camera: Failed to set frame size

[   820][E][main.cpp:456] setup(): Failed to initialize camera: 0x20002. Type: AI THINKER, frame size: SVGA (800x600), frame rate: 10 ms, jpeg quality: 50

[   832][V][esp32-hal-ledc.c:231] analogWrite(): GPIO 4 - Using Channel 15, Value = 0

State changing from: 0 to 2

[   869][D][WiFiGeneric.cpp:1035] _eventCallback(): Arduino Event: 0 - WIFI_READY

Setting up AP: ESP32CAM-RTSP

Use password: <hidden>

AP IP address: [   959][V][WiFiGeneric.cpp:392] _arduino_event_cb(): AP Started

192[   960][D][WiFiGeneric.cpp:1035] _eventCallback(): Arduino Event: 10 - AP_START

.168.4.1

AP timeout (ms): 10000

State changed from: 0 to 2

Connection to AP.

[  3206][V][WiFiGeneric.cpp:407] _arduino_event_cb(): AP Station Connected: MAC: 6a:83:a4:6e:c3:24, AID: 1

[  3206][D][WiFiGeneric.cpp:1035] _eventCallback(): Arduino Event: 12 - AP_STACONNECTED

[  3482][V][WiFiGeneric.cpp:421] _arduino_event_cb(): AP Station IP Assigned:192.168.4.2

[  3483][D][WiFiGeneric.cpp:1035] _eventCallback(): Arduino Event: 14 - AP_STAIPASSIGNED

[  5131][V][WebServer.cpp:296] handleClient(): New client: client.localIP()=192.168.4.1

[  5132][V][Parsing.cpp:122] _parseRequest(): method: GET url: /restart search: 

[  5135][V][Parsing.cpp:226] _parseRequest(): headerName: Host

[  5141][V][Parsing.cpp:227] _parseRequest(): headerValue: 192.168.4.1

[  5147][V][Parsing.cpp:226] _parseRequest(): headerName: Connection

[  5153][V][Parsing.cpp:227] _parseRequest(): headerValue: keep-alive

[  5159][V][Parsing.cpp:226] _parseRequest(): headerName: Cache-Control

[  5166][V][Parsing.cpp:227] _parseRequest(): headerValue: max-age=0

[  5172][V][Parsing.cpp:226] _parseRequest(): headerName: Authorization

[  5178][V][Parsing.cpp:227] _parseRequest(): headerValue: Basic YWRtaW46TWl0bGFiNzAzLTI=

[  5186][V][Parsing.cpp:226] _parseRequest(): headerName: DNT

[  5191][V][Parsing.cpp:227] _parseRequest(): headerValue: 1

[  5197][V][Parsing.cpp:226] _parseRequest(): headerName: Upgrade-Insecure-Requests

[  5204][V][Parsing.cpp:227] _parseRequest(): headerValue: 1

[  5210][V][Parsing.cpp:226] _parseRequest(): headerName: User-Agent

[  5216][V][Parsing.cpp:227] _parseRequest(): headerValue: Mozilla/5.0 (X11; Linux x86_64) AppleWebKit/537.36 (KHTML, like Gecko) Chrome/113.0.0.0 Safari/537.36

[  5230][V][Parsing.cpp:226] _parseRequest(): headerName: Accept

[  5235][V][Parsing.cpp:227] _parseRequest(): headerValue: text/html,application/xhtml+xml,application/xml;q=0.9,image/avif,image/webp,image/apng,*/*;q=0.8,application/signed-exchange;v=b3;q=0.7

[  5253][V][Parsing.cpp:226] _parseRequest(): headerName: Referer

[  5258][V][Parsing.cpp:227] _parseRequest(): headerValue: http://192.168.4.1/

[  5265][V][Parsing.cpp:226] _parseRequest(): headerName: Accept-Encoding

[  5272][V][Parsing.cpp:227] _parseRequest(): headerValue: gzip, deflate

[  5279][V][Parsing.cpp:226] _parseRequest(): headerName: Accept-Language

[  5285][V][Parsing.cpp:227] _parseRequest(): headerValue: en-US,en;q=0.9,id-ID;q=0.8,id;q=0.7,zh-TW;q=0.6,zh;q=0.5

[  5295][V][Parsing.cpp:254] _parseArguments(): args: 

[  5300][V][Parsing.cpp:237] _parseRequest(): Request: /restart

[  5305][V][Parsing.cpp:238] _parseRequest():  Arguments: 

[  5311][V][main.cpp:179] handle_restart(): Handle restart

[  5321][V][main.cpp:194] handle_restart(): Restarting... Press refresh to connect again

